\BOOKMARK [0][-]{chapter*.3}{Zusammenfassung}{}% 1
\BOOKMARK [0][-]{chapter*.4}{Abstract}{}% 2
\BOOKMARK [0][-]{chapter*.4}{Inhaltsverzeichnis}{}% 3
\BOOKMARK [0][-]{chapter*.6}{Abbildungsverzeichnis}{}% 4
\BOOKMARK [0][-]{chapter*.7}{Tabellenverzeichnis}{}% 5
\BOOKMARK [0][-]{chapter*.7}{Abk\374rzungsverzeichnis}{}% 6
\BOOKMARK [0][-]{chapter.1}{Einleitung}{}% 7
\BOOKMARK [0][-]{chapter.2}{Hauptteil}{}% 8
\BOOKMARK [1][-]{section.2.1}{Grundlagen}{chapter.2}% 9
\BOOKMARK [2][-]{subsection.2.1.1}{Topic Models}{section.2.1}% 10
\BOOKMARK [2][-]{subsection.2.1.2}{Darstellungsverfahren}{section.2.1}% 11
\BOOKMARK [1][-]{section.2.2}{Zweiter Unterpunkt}{chapter.2}% 12
\BOOKMARK [2][-]{subsection.2.2.1}{Dritte Ebene}{section.2.2}% 13
\BOOKMARK [1][-]{section.2.3}{Beispiele}{chapter.2}% 14
\BOOKMARK [2][-]{subsection.2.3.1}{Aufz\344hlungen}{section.2.3}% 15
\BOOKMARK [2][-]{subsection.2.3.2}{Abbildungen}{section.2.3}% 16
\BOOKMARK [2][-]{subsection.2.3.3}{Tabellen}{section.2.3}% 17
\BOOKMARK [2][-]{subsection.2.3.4}{URLs}{section.2.3}% 18
\BOOKMARK [2][-]{subsection.2.3.5}{Abk\374rzungen}{section.2.3}% 19
\BOOKMARK [2][-]{subsection.2.3.6}{Zitate}{section.2.3}% 20
\BOOKMARK [2][-]{subsection.2.3.7}{Literaturverzeichnis}{section.2.3}% 21
\BOOKMARK [0][-]{chapter.3}{Schlussfolgerung}{}% 22
\BOOKMARK [0][-]{chapter*.14}{Literaturverzeichnis}{}% 23
\BOOKMARK [0][-]{chapter*.15}{Anhang}{}% 24
\BOOKMARK [1][-]{section.A.1}{Materialien}{chapter*.15}% 25
\BOOKMARK [1][-]{section.A.2}{Gespr\344chsprotokolle}{chapter*.15}% 26
